# JRE version: OpenJDK Runtime Environment (8.0_152-b01) (build 1.8.0_152-release-1248-b01)
# Java VM: OpenJDK 64-Bit Server VM (25.152-b01 mixed mode windows-amd64 compressed oops)
Heap:
 PSYoungGen      total 165888K, used 50355K [0x00000000e0000000, 0x00000000ecc00000, 0x0000000100000000)
  eden space 129024K, 36% used [0x00000000e0000000,0x00000000e2e0acd8,0x00000000e7e00000)
  from space 36864K, 8% used [0x00000000ea800000,0x00000000eab220d8,0x00000000ecc00000)
  to   space 39936K, 0% used [0x00000000e7e00000,0x00000000e7e00000,0x00000000ea500000)
 ParOldGen       total 158720K, used 51610K [0x00000000a0000000, 0x00000000a9b00000, 0x00000000e0000000)
  object space 158720K, 32% used [0x00000000a0000000,0x00000000a3266be0,0x00000000a9b00000)
 Metaspace       used 58905K, capacity 60345K, committed 60824K, reserved 1101824K
  class space    used 7216K, capacity 7629K, committed 7728K, reserved 1048576K
GC Heap History (10 events):
Event: 161.920 GC heap before
{Heap before GC invocations=14 (full 3):
 PSYoungGen      total 109056K, used 109048K [0x00000000e0000000, 0x00000000e9000000, 0x0000000100000000)
  eden space 82944K, 100% used [0x00000000e0000000,0x00000000e5100000,0x00000000e5100000)
  from space 26112K, 99% used [0x00000000e7480000,0x00000000e8dfe088,0x00000000e8e00000)
  to   space 32256K, 0% used [0x00000000e5100000,0x00000000e5100000,0x00000000e7080000)
 ParOldGen       total 119296K, used 33407K [0x00000000a0000000, 0x00000000a7480000, 0x00000000e0000000)
  object space 119296K, 28% used [0x00000000a0000000,0x00000000a209ffa8,0x00000000a7480000)
 Metaspace       used 57461K, capacity 58763K, committed 59160K, reserved 1101824K
  class space    used 7122K, capacity 7476K, committed 7600K, reserved 1048576K
Event: 161.989 GC heap after
Heap after GC invocations=14 (full 3):
 PSYoungGen      total 115200K, used 32225K [0x00000000e0000000, 0x00000000eaa80000, 0x0000000100000000)
  eden space 82944K, 0% used [0x00000000e0000000,0x00000000e0000000,0x00000000e5100000)
  from space 32256K, 99% used [0x00000000e5100000,0x00000000e7078400,0x00000000e7080000)
  to   space 40960K, 0% used [0x00000000e8280000,0x00000000e8280000,0x00000000eaa80000)
 ParOldGen       total 119296K, used 44886K [0x00000000a0000000, 0x00000000a7480000, 0x00000000e0000000)
  object space 119296K, 37% used [0x00000000a0000000,0x00000000a2bd5bf8,0x00000000a7480000)
 Metaspace       used 57461K, capacity 58763K, committed 59160K, reserved 1101824K
  class space    used 7122K, capacity 7476K, committed 7600K, reserved 1048576K
}
Event: 162.148 GC heap before
{Heap before GC invocations=15 (full 3):
 PSYoungGen      total 115200K, used 54013K [0x00000000e0000000, 0x00000000eaa80000, 0x0000000100000000)
  eden space 82944K, 26% used [0x00000000e0000000,0x00000000e1547238,0x00000000e5100000)
  from space 32256K, 99% used [0x00000000e5100000,0x00000000e7078400,0x00000000e7080000)
  to   space 40960K, 0% used [0x00000000e8280000,0x00000000e8280000,0x00000000eaa80000)
 ParOldGen       total 119296K, used 44886K [0x00000000a0000000, 0x00000000a7480000, 0x00000000e0000000)
  object space 119296K, 37% used [0x00000000a0000000,0x00000000a2bd5bf8,0x00000000a7480000)
 Metaspace       used 57506K, capacity 58775K, committed 59160K, reserved 1101824K
  class space    used 7124K, capacity 7478K, committed 7600K, reserved 1048576K
Event: 162.237 GC heap after
Heap after GC invocations=15 (full 3):
 PSYoungGen      total 133632K, used 22650K [0x00000000e0000000, 0x00000000ec300000, 0x0000000100000000)
  eden space 92672K, 0% used [0x00000000e0000000,0x00000000e0000000,0x00000000e5a80000)
  from space 40960K, 55% used [0x00000000e8280000,0x00000000e989eb68,0x00000000eaa80000)
  to   space 40960K, 0% used [0x00000000e5a80000,0x00000000e5a80000,0x00000000e8280000)
 ParOldGen       total 119296K, used 57812K [0x00000000a0000000, 0x00000000a7480000, 0x00000000e0000000)
  object space 119296K, 48% used [0x00000000a0000000,0x00000000a3875018,0x00000000a7480000)
 Metaspace       used 57506K, capacity 58775K, committed 59160K, reserved 1101824K
  class space    used 7124K, capacity 7478K, committed 7600K, reserved 1048576K
}
Event: 162.237 GC heap before
{Heap before GC invocations=16 (full 4):
 PSYoungGen      total 133632K, used 22650K [0x00000000e0000000, 0x00000000ec300000, 0x0000000100000000)
  eden space 92672K, 0% used [0x00000000e0000000,0x00000000e0000000,0x00000000e5a80000)
  from space 40960K, 55% used [0x00000000e8280000,0x00000000e989eb68,0x00000000eaa80000)
  to   space 40960K, 0% used [0x00000000e5a80000,0x00000000e5a80000,0x00000000e8280000)
 ParOldGen       total 119296K, used 57812K [0x00000000a0000000, 0x00000000a7480000, 0x00000000e0000000)
  object space 119296K, 48% used [0x00000000a0000000,0x00000000a3875018,0x00000000a7480000)
 Metaspace       used 57506K, capacity 58775K, committed 59160K, reserved 1101824K
  class space    used 7124K, capacity 7478K, committed 7600K, reserved 1048576K
Event: 162.436 GC heap after
Heap after GC invocations=16 (full 4):
 PSYoungGen      total 133632K, used 0K [0x00000000e0000000, 0x00000000ec300000, 0x0000000100000000)
  eden space 92672K, 0% used [0x00000000e0000000,0x00000000e0000000,0x00000000e5a80000)
  from space 40960K, 0% used [0x00000000e8280000,0x00000000e8280000,0x00000000eaa80000)
  to   space 40960K, 0% used [0x00000000e5a80000,0x00000000e5a80000,0x00000000e8280000)
 ParOldGen       total 158720K, used 36745K [0x00000000a0000000, 0x00000000a9b00000, 0x00000000e0000000)
  object space 158720K, 23% used [0x00000000a0000000,0x00000000a23e2640,0x00000000a9b00000)
 Metaspace       used 57506K, capacity 58775K, committed 59160K, reserved 1101824K
  class space    used 7124K, capacity 7478K, committed 7600K, reserved 1048576K
}
Event: 203.405 GC heap before
{Heap before GC invocations=17 (full 4):
 PSYoungGen      total 133632K, used 92672K [0x00000000e0000000, 0x00000000ec300000, 0x0000000100000000)
  eden space 92672K, 100% used [0x00000000e0000000,0x00000000e5a80000,0x00000000e5a80000)
  from space 40960K, 0% used [0x00000000e8280000,0x00000000e8280000,0x00000000eaa80000)
  to   space 40960K, 0% used [0x00000000e5a80000,0x00000000e5a80000,0x00000000e8280000)
 ParOldGen       total 158720K, used 36745K [0x00000000a0000000, 0x00000000a9b00000, 0x00000000e0000000)
  object space 158720K, 23% used [0x00000000a0000000,0x00000000a23e2640,0x00000000a9b00000)
 Metaspace       used 58182K, capacity 59533K, committed 59928K, reserved 1101824K
  class space    used 7171K, capacity 7555K, committed 7600K, reserved 1048576K
Event: 203.432 GC heap after
Heap after GC invocations=17 (full 4):
 PSYoungGen      total 133632K, used 20022K [0x00000000e0000000, 0x00000000ece80000, 0x0000000100000000)
  eden space 92672K, 0% used [0x00000000e0000000,0x00000000e0000000,0x00000000e5a80000)
  from space 40960K, 48% used [0x00000000e5a80000,0x00000000e6e0db80,0x00000000e8280000)
  to   space 39424K, 0% used [0x00000000ea800000,0x00000000ea800000,0x00000000ece80000)
 ParOldGen       total 158720K, used 36753K [0x00000000a0000000, 0x00000000a9b00000, 0x00000000e0000000)
  object space 158720K, 23% used [0x00000000a0000000,0x00000000a23e4640,0x00000000a9b00000)
 Metaspace       used 58182K, capacity 59533K, committed 59928K, reserved 1101824K
  class space    used 7171K, capacity 7555K, committed 7600K, reserved 1048576K
}
Event: 248.541 GC heap before
{Heap before GC invocations=18 (full 4):
 PSYoungGen      total 133632K, used 112694K [0x00000000e0000000, 0x00000000ece80000, 0x0000000100000000)
  eden space 92672K, 100% used [0x00000000e0000000,0x00000000e5a80000,0x00000000e5a80000)
  from space 40960K, 48% used [0x00000000e5a80000,0x00000000e6e0db80,0x00000000e8280000)
  to   space 39424K, 0% used [0x00000000ea800000,0x00000000ea800000,0x00000000ece80000)
 ParOldGen       total 158720K, used 36753K [0x00000000a0000000, 0x00000000a9b00000, 0x00000000e0000000)
  object space 158720K, 23% used [0x00000000a0000000,0x00000000a23e4640,0x00000000a9b00000)
 Metaspace       used 58568K, capacity 59959K, committed 60184K, reserved 1101824K
  class space    used 7183K, capacity 7588K, committed 7600K, reserved 1048576K
Event: 248.563 GC heap after
Heap after GC invocations=18 (full 4):
 PSYoungGen      total 165888K, used 3208K [0x00000000e0000000, 0x00000000ecc00000, 0x0000000100000000)
  eden space 129024K, 0% used [0x00000000e0000000,0x00000000e0000000,0x00000000e7e00000)
  from space 36864K, 8% used [0x00000000ea800000,0x00000000eab220d8,0x00000000ecc00000)
  to   space 39936K, 0% used [0x00000000e7e00000,0x00000000e7e00000,0x00000000ea500000)
 ParOldGen       total 158720K, used 51610K [0x00000000a0000000, 0x00000000a9b00000, 0x00000000e0000000)
  object space 158720K, 32% used [0x00000000a0000000,0x00000000a3266be0,0x00000000a9b00000)
 Metaspace       used 58568K, capacity 59959K, committed 60184K, reserved 1101824K
  class space    used 7183K, capacity 7588K, committed 7600K, reserved 1048576K
}

