# JRE version: OpenJDK Runtime Environment (8.0_152-b01) (build 1.8.0_152-release-1248-b01)
# Java VM: OpenJDK 64-Bit Server VM (25.152-b01 mixed mode windows-amd64 compressed oops)
Heap:
 PSYoungGen      total 139776K, used 105903K [0x00000000e0000000, 0x00000000ed400000, 0x0000000100000000)
  eden space 107008K, 68% used [0x00000000e0000000,0x00000000e4773898,0x00000000e6880000)
  from space 32768K, 99% used [0x00000000e6880000,0x00000000e8878460,0x00000000e8880000)
  to   space 41984K, 0% used [0x00000000eab00000,0x00000000eab00000,0x00000000ed400000)
 ParOldGen       total 112128K, used 48507K [0x00000000a0000000, 0x00000000a6d80000, 0x00000000e0000000)
  object space 112128K, 43% used [0x00000000a0000000,0x00000000a2f5ef98,0x00000000a6d80000)
 Metaspace       used 56392K, capacity 57665K, committed 57944K, reserved 1099776K
  class space    used 6923K, capacity 7257K, committed 7296K, reserved 1048576K
GC Heap History (10 events):
Event: 10.266 GC heap before
{Heap before GC invocations=10 (full 3):
 PSYoungGen      total 65536K, used 60416K [0x00000000e0000000, 0x00000000e8d00000, 0x0000000100000000)
  eden space 60416K, 100% used [0x00000000e0000000,0x00000000e3b00000,0x00000000e3b00000)
  from space 5120K, 0% used [0x00000000e4a80000,0x00000000e4a80000,0x00000000e4f80000)
  to   space 15872K, 0% used [0x00000000e3b00000,0x00000000e3b00000,0x00000000e4a80000)
 ParOldGen       total 112128K, used 23154K [0x00000000a0000000, 0x00000000a6d80000, 0x00000000e0000000)
  object space 112128K, 20% used [0x00000000a0000000,0x00000000a169cac8,0x00000000a6d80000)
 Metaspace       used 40751K, capacity 41427K, committed 41816K, reserved 1085440K
  class space    used 5251K, capacity 5422K, committed 5504K, reserved 1048576K
Event: 10.282 GC heap after
Heap after GC invocations=10 (full 3):
 PSYoungGen      total 76288K, used 13243K [0x00000000e0000000, 0x00000000e7780000, 0x0000000100000000)
  eden space 60416K, 0% used [0x00000000e0000000,0x00000000e0000000,0x00000000e3b00000)
  from space 15872K, 83% used [0x00000000e3b00000,0x00000000e47eede8,0x00000000e4a80000)
  to   space 17408K, 0% used [0x00000000e6680000,0x00000000e6680000,0x00000000e7780000)
 ParOldGen       total 112128K, used 23162K [0x00000000a0000000, 0x00000000a6d80000, 0x00000000e0000000)
  object space 112128K, 20% used [0x00000000a0000000,0x00000000a169eac8,0x00000000a6d80000)
 Metaspace       used 40751K, capacity 41427K, committed 41816K, reserved 1085440K
  class space    used 5251K, capacity 5422K, committed 5504K, reserved 1048576K
}
Event: 13.089 GC heap before
{Heap before GC invocations=11 (full 3):
 PSYoungGen      total 76288K, used 73659K [0x00000000e0000000, 0x00000000e7780000, 0x0000000100000000)
  eden space 60416K, 100% used [0x00000000e0000000,0x00000000e3b00000,0x00000000e3b00000)
  from space 15872K, 83% used [0x00000000e3b00000,0x00000000e47eede8,0x00000000e4a80000)
  to   space 17408K, 0% used [0x00000000e6680000,0x00000000e6680000,0x00000000e7780000)
 ParOldGen       total 112128K, used 23162K [0x00000000a0000000, 0x00000000a6d80000, 0x00000000e0000000)
  object space 112128K, 20% used [0x00000000a0000000,0x00000000a169eac8,0x00000000a6d80000)
 Metaspace       used 46475K, capacity 47383K, committed 47704K, reserved 1091584K
  class space    used 5961K, capacity 6202K, committed 6272K, reserved 1048576K
Event: 13.141 GC heap after
Heap after GC invocations=11 (full 3):
 PSYoungGen      total 100864K, used 17392K [0x00000000e0000000, 0x00000000e7e80000, 0x0000000100000000)
  eden space 83456K, 0% used [0x00000000e0000000,0x00000000e0000000,0x00000000e5180000)
  from space 17408K, 99% used [0x00000000e6680000,0x00000000e777c178,0x00000000e7780000)
  to   space 21504K, 0% used [0x00000000e5180000,0x00000000e5180000,0x00000000e6680000)
 ParOldGen       total 112128K, used 26576K [0x00000000a0000000, 0x00000000a6d80000, 0x00000000e0000000)
  object space 112128K, 23% used [0x00000000a0000000,0x00000000a19f42b8,0x00000000a6d80000)
 Metaspace       used 46475K, capacity 47383K, committed 47704K, reserved 1091584K
  class space    used 5961K, capacity 6202K, committed 6272K, reserved 1048576K
}
Event: 497.823 GC heap before
{Heap before GC invocations=12 (full 3):
 PSYoungGen      total 100864K, used 100848K [0x00000000e0000000, 0x00000000e7e80000, 0x0000000100000000)
  eden space 83456K, 100% used [0x00000000e0000000,0x00000000e5180000,0x00000000e5180000)
  from space 17408K, 99% used [0x00000000e6680000,0x00000000e777c178,0x00000000e7780000)
  to   space 21504K, 0% used [0x00000000e5180000,0x00000000e5180000,0x00000000e6680000)
 ParOldGen       total 112128K, used 26576K [0x00000000a0000000, 0x00000000a6d80000, 0x00000000e0000000)
  object space 112128K, 23% used [0x00000000a0000000,0x00000000a19f42b8,0x00000000a6d80000)
 Metaspace       used 54162K, capacity 55275K, committed 55512K, reserved 1097728K
  class space    used 6811K, capacity 7108K, committed 7168K, reserved 1048576K
Event: 497.861 GC heap after
Heap after GC invocations=12 (full 3):
 PSYoungGen      total 104960K, used 21502K [0x00000000e0000000, 0x00000000ea200000, 0x0000000100000000)
  eden space 83456K, 0% used [0x00000000e0000000,0x00000000e0000000,0x00000000e5180000)
  from space 21504K, 99% used [0x00000000e5180000,0x00000000e667fa20,0x00000000e6680000)
  to   space 26112K, 0% used [0x00000000e8880000,0x00000000e8880000,0x00000000ea200000)
 ParOldGen       total 112128K, used 29722K [0x00000000a0000000, 0x00000000a6d80000, 0x00000000e0000000)
  object space 112128K, 26% used [0x00000000a0000000,0x00000000a1d06888,0x00000000a6d80000)
 Metaspace       used 54162K, capacity 55275K, committed 55512K, reserved 1097728K
  class space    used 6811K, capacity 7108K, committed 7168K, reserved 1048576K
}
Event: 498.975 GC heap before
{Heap before GC invocations=13 (full 3):
 PSYoungGen      total 104960K, used 103954K [0x00000000e0000000, 0x00000000ea200000, 0x0000000100000000)
  eden space 83456K, 98% used [0x00000000e0000000,0x00000000e5085170,0x00000000e5180000)
  from space 21504K, 99% used [0x00000000e5180000,0x00000000e667fa20,0x00000000e6680000)
  to   space 26112K, 0% used [0x00000000e8880000,0x00000000e8880000,0x00000000ea200000)
 ParOldGen       total 112128K, used 29722K [0x00000000a0000000, 0x00000000a6d80000, 0x00000000e0000000)
  object space 112128K, 26% used [0x00000000a0000000,0x00000000a1d06888,0x00000000a6d80000)
 Metaspace       used 54757K, capacity 55971K, committed 56280K, reserved 1097728K
  class space    used 6847K, capacity 7148K, committed 7168K, reserved 1048576K
Event: 499.048 GC heap after
Heap after GC invocations=13 (full 3):
 PSYoungGen      total 133120K, used 26099K [0x00000000e0000000, 0x00000000ea900000, 0x0000000100000000)
  eden space 107008K, 0% used [0x00000000e0000000,0x00000000e0000000,0x00000000e6880000)
  from space 26112K, 99% used [0x00000000e8880000,0x00000000ea1fcef0,0x00000000ea200000)
  to   space 32768K, 0% used [0x00000000e6880000,0x00000000e6880000,0x00000000e8880000)
 ParOldGen       total 112128K, used 37700K [0x00000000a0000000, 0x00000000a6d80000, 0x00000000e0000000)
  object space 112128K, 33% used [0x00000000a0000000,0x00000000a24d1108,0x00000000a6d80000)
 Metaspace       used 54757K, capacity 55971K, committed 56280K, reserved 1097728K
  class space    used 6847K, capacity 7148K, committed 7168K, reserved 1048576K
}
Event: 747.267 GC heap before
{Heap before GC invocations=14 (full 3):
 PSYoungGen      total 133120K, used 133107K [0x00000000e0000000, 0x00000000ea900000, 0x0000000100000000)
  eden space 107008K, 100% used [0x00000000e0000000,0x00000000e6880000,0x00000000e6880000)
  from space 26112K, 99% used [0x00000000e8880000,0x00000000ea1fcef0,0x00000000ea200000)
  to   space 32768K, 0% used [0x00000000e6880000,0x00000000e6880000,0x00000000e8880000)
 ParOldGen       total 112128K, used 37700K [0x00000000a0000000, 0x00000000a6d80000, 0x00000000e0000000)
  object space 112128K, 33% used [0x00000000a0000000,0x00000000a24d1108,0x00000000a6d80000)
 Metaspace       used 55673K, capacity 56919K, committed 57176K, reserved 1099776K
  class space    used 6905K, capacity 7224K, committed 7296K, reserved 1048576K
Event: 747.338 GC heap after
Heap after GC invocations=14 (full 3):
 PSYoungGen      total 139776K, used 32737K [0x00000000e0000000, 0x00000000ed400000, 0x0000000100000000)
  eden space 107008K, 0% used [0x00000000e0000000,0x00000000e0000000,0x00000000e6880000)
  from space 32768K, 99% used [0x00000000e6880000,0x00000000e8878460,0x00000000e8880000)
  to   space 41984K, 0% used [0x00000000eab00000,0x00000000eab00000,0x00000000ed400000)
 ParOldGen       total 112128K, used 48507K [0x00000000a0000000, 0x00000000a6d80000, 0x00000000e0000000)
  object space 112128K, 43% used [0x00000000a0000000,0x00000000a2f5ef98,0x00000000a6d80000)
 Metaspace       used 55673K, capacity 56919K, committed 57176K, reserved 1099776K
  class space    used 6905K, capacity 7224K, committed 7296K, reserved 1048576K
}

